<?xml version='1.0' encoding='UTF-8'?>
<testsuite hostname="eda21ef6ab81" name="farm.FarmSpec" tests="4" errors="0" failures="0" skipped="1" time="4.322" timestamp="2019-04-20T19:37:03">
                     <properties>
[...]
</properties>
                     <testcase classname="farm.FarmSpec" name="Farm should::extract all tasks for multiple animals for one day" time="0.828">
                                                 
                                               </testcase><testcase classname="farm.FarmSpec" name="Farm should::extract for two days" time="0.89">
                                                 
                                               </testcase><testcase classname="farm.FarmSpec" name="Farm should::runs correctly in a limited number of days" time="1.293">
                                                 
                                               </testcase><testcase classname="farm.FarmSpec" name="Farm should::only passes in correwct max age every other day" time="1.311">
                                                 <skipped/>
                                               </testcase>
                     <system-out><![CDATA[]]></system-out>
                     <system-err><![CDATA[]]></system-err>
                   </testsuite>